
----------------------------------------
--- Mi 7. Nov 20:37:38 CET 2018 --- Script startet. ---
Mi 7. Nov 20:37:38 CET 2018 ------ PID File created. 15842 

----------------------------------------
--- Mi 7. Nov 20:40:53 CET 2018 --- Script startet. ---

----------------------------------------
--- Mi 7. Nov 20:41:16 CET 2018 --- Script startet. ---
Mi 7. Nov 20:41:16 CET 2018 ------ PID File created. 15878 
Mi 7. Nov 20:41:16 CET 2018 ------ PID File created. 15878 
Mi 7. Nov 20:41:16 CET 2018 ------ Temp File created. /home/pi/scripts/log-script/tmp/tmp.L9XTMsskbC
Mi 7. Nov 20:41:16 CET 2018 ------ Temp File fill with parameter. 
Mi 7. Nov 20:41:17 CET 2018 ------ Script Stop -----

----------------------------------------
--- Mi 7. Nov 20:45:41 CET 2018 --- Script startet. ---
Mi 7. Nov 20:45:41 CET 2018 ------ PID File created. 15942 
Mi 7. Nov 20:45:41 CET 2018 ------ PID File created. 15942 
Mi 7. Nov 20:45:41 CET 2018 ------ Temp File created. /home/pi/scripts/log-script/tmp/tmp.t7YRFgN9ox
Mi 7. Nov 20:45:41 CET 2018 ------ Temp File fill with parameter. 
Mi 7. Nov 20:45:42 CET 2018 ------ Script Stop -----

----------------------------------------
--- Mi 7. Nov 20:46:28 CET 2018 --- Script startet. ---
Mi 7. Nov 20:46:28 CET 2018 ------ PID File created. 16008 
Mi 7. Nov 20:46:28 CET 2018 ------ PID File created. 16008 
Mi 7. Nov 20:46:28 CET 2018 ------ Temp File created. /home/pi/scripts/log-script/tmp/tmp.0Qz7HbdxKb
Mi 7. Nov 20:46:28 CET 2018 ------ Temp File fill with parameter. 
Mi 7. Nov 20:46:28 CET 2018 ------ Script Stop -----
