
----------------------------------------
--- Di 6. Nov 21:53:32 CET 2018 --- Script startet. ---
Di 6. Nov 21:53:32 CET 2018 ------ PID File created. 14599 
Di 6. Nov 21:53:32 CET 2018 ------ Temp File created. /home/pi/scripts/log-script/tmp/tmp.lmZsHit6GP
Di 6. Nov 21:53:32 CET 2018 ------ Temp File fill with parameter. 
Di 6. Nov 21:53:33 CET 2018 ------ Script Stop -----

----------------------------------------
--- Di 6. Nov 21:55:37 CET 2018 --- Script startet. ---
Di 6. Nov 21:55:37 CET 2018 ------ PID File created. 14725 
Di 6. Nov 21:55:37 CET 2018 ------ Temp File created. /home/pi/scripts/log-script/tmp/tmp.rHUtUD7Zan
Di 6. Nov 21:55:37 CET 2018 ------ Temp File fill with parameter. 
Di 6. Nov 21:55:37 CET 2018 ------ Script Stop -----

----------------------------------------
--- Di 6. Nov 21:57:05 CET 2018 --- Script startet. ---
Di 6. Nov 21:57:05 CET 2018 ------ PID File created. 14758 
Di 6. Nov 21:57:05 CET 2018 ------ Temp File created. /home/pi/scripts/log-script/tmp/tmp.Axad6hdUgL
Di 6. Nov 21:57:05 CET 2018 ------ Temp File fill with parameter. 
Di 6. Nov 21:57:05 CET 2018 ------ Script Stop -----

----------------------------------------
--- Di 6. Nov 21:58:25 CET 2018 --- Script startet. ---

----------------------------------------
--- Di 6. Nov 21:59:10 CET 2018 --- Script startet. ---

----------------------------------------
--- Di 6. Nov 22:00:02 CET 2018 --- Script startet. ---
Di 6. Nov 22:00:02 CET 2018 ------ PID File created. 14815 
Di 6. Nov 22:00:02 CET 2018 ------ Temp File created. /home/pi/scripts/log-script/tmp/tmp.SZl56CU2nu
Di 6. Nov 22:00:03 CET 2018 ------ Temp File fill with parameter. 
Di 6. Nov 22:00:03 CET 2018 ------ Script Stop -----

----------------------------------------
--- Di 6. Nov 22:00:36 CET 2018 --- Script startet. ---
Di 6. Nov 22:00:36 CET 2018 ------ PID File created. 14848 
Di 6. Nov 22:00:36 CET 2018 ------ Temp File created. /home/pi/scripts/log-script/tmp/tmp.ohdQGiOKHB
Di 6. Nov 22:00:36 CET 2018 ------ Temp File fill with parameter. 
Di 6. Nov 22:00:36 CET 2018 ------ Script Stop -----

----------------------------------------
--- Di 6. Nov 22:14:34 CET 2018 --- Script startet. ---
Di 6. Nov 22:14:34 CET 2018 ------ PID File created. 14882 
Di 6. Nov 22:14:34 CET 2018 ------ Temp File created. /home/pi/scripts/log-script/tmp/tmp.PnP9Scq2Az
Di 6. Nov 22:14:34 CET 2018 ------ Temp File fill with parameter. 
Di 6. Nov 22:14:35 CET 2018 ------ Script Stop -----
