
----------------------------------------
--- Do 8. Nov 07:14:11 CET 2018 --- Script startet. ---
Do 8. Nov 07:14:11 CET 2018 ------ PID File created. 16512 
Do 8. Nov 07:14:11 CET 2018 ------ PID File created. 16512 
Do 8. Nov 07:14:11 CET 2018 ------ Temp File created. /home/pi/scripts/log-script/tmp/tmp.meRpKV1S3i
Do 8. Nov 07:14:12 CET 2018 ------ Temp File fill with parameter. 
Do 8. Nov 07:14:12 CET 2018 ------ Script Stop -----

----------------------------------------
--- Do 8. Nov 07:17:47 CET 2018 --- Script startet. ---
Do 8. Nov 07:17:47 CET 2018 ------ PID File created. 16580 
Do 8. Nov 07:17:47 CET 2018 ------ PID File created. 16580 
Do 8. Nov 07:17:47 CET 2018 ------ Temp File created. /home/pi/scripts/log-script/tmp/tmp.gTORWoLYhK
Do 8. Nov 07:17:47 CET 2018 ------ Temp File fill with parameter. 
Do 8. Nov 07:17:47 CET 2018 ------ Script Stop -----

----------------------------------------
--- Do 8. Nov 07:21:16 CET 2018 --- Script startet. ---
Do 8. Nov 07:21:16 CET 2018 ------ PID File created. 16634 
Do 8. Nov 07:21:16 CET 2018 ------ Temp File created. /home/pi/scripts/log-script/tmp/tmp.PiDAqj5CtB
Do 8. Nov 07:21:16 CET 2018 ------ Temp File fill with parameter. 
Do 8. Nov 07:21:16 CET 2018 ------ Script Stop -----
