Do 1. Nov 00:00:45 CET 2018 ------ Script Started -----
Do 1. Nov 00:00:45 CET 2018 ------ Script Stop -----
Do 1. Nov 00:02:59 CET 2018 ------ Script Started -----
Do 1. Nov 00:02:59 CET 2018 ------ Script Stop -----
Do 1. Nov 00:05:09 CET 2018 ------ Script Started -----
Do 1. Nov 00:05:09 CET 2018 ------ Script Stop -----
Do 1. Nov 01:01:16 CET 2018 ------ Script Started -----
Do 1. Nov 01:01:16 CET 2018 ------ Script Stop -----
Do 1. Nov 01:01:56 CET 2018 ------ Script Started -----
Do 1. Nov 01:01:56 CET 2018 ------ Script Stop -----
Do 1. Nov 01:02:59 CET 2018 ------ Script Started -----
Do 1. Nov 01:02:59 CET 2018 ------ Script Stop -----
Do 1. Nov 01:04:24 CET 2018 ------ Script Started -----
Do 1. Nov 01:04:24 CET 2018 ------ Script Stop -----
Do 1. Nov 01:07:23 CET 2018 ------ Script Started -----
Do 1. Nov 01:07:23 CET 2018 ------ Script Stop -----
Do 1. Nov 01:07:31 CET 2018 ------ Script Started -----
Do 1. Nov 01:07:31 CET 2018 ------ Script Stop -----
Do 1. Nov 01:08:06 CET 2018 ------ Script Started -----
Do 1. Nov 01:08:06 CET 2018 ------ Script Stop -----
Do 1. Nov 01:08:53 CET 2018 ------ Script Started -----
Do 1. Nov 01:08:53 CET 2018 ------ Script Stop -----
Do 1. Nov 01:10:38 CET 2018 ------ Script Started -----
Do 1. Nov 01:10:38 CET 2018 ------ Script Stop -----
Do 1. Nov 01:11:49 CET 2018 ------ Script Started -----
Do 1. Nov 01:11:49 CET 2018 ------ Script Stop -----
Do 1. Nov 01:12:14 CET 2018 ------ Script Started -----
Do 1. Nov 01:12:14 CET 2018 ------ Script Stop -----
Do 1. Nov 01:12:31 CET 2018 ------ Script Started -----
Do 1. Nov 01:12:31 CET 2018 ------ Script Stop -----
Do 1. Nov 01:12:49 CET 2018 ------ Script Started -----
Do 1. Nov 01:12:49 CET 2018 ------ Script Stop -----
Do 1. Nov 01:18:51 CET 2018 ------ Script Started -----
Do 1. Nov 01:18:51 CET 2018 ------ PID File created. /home/pi/scripts/sftp/tmp/file_sftp.pid 
Do 1. Nov 01:18:51 CET 2018 ------ Temp File created. /home/pi/scripts/sftp/tmp/tmp.Of25ZtLpPN
Do 1. Nov 01:18:51 CET 2018 ------ Temp File fill with parameter. 
Do 1. Nov 01:18:51 CET 2018 ------ Script Stop -----
